May 02, 2014 11:27:59 PM netkit.classifiers.NetworkLearning setInt
INFO: Will use runs=5
May 02, 2014 11:28:00 PM netkit.classifiers.NetworkLearning setOptions
INFO: Will send output to output
May 02, 2014 11:28:00 PM netkit.classifiers.NetworkLearning setOptions
INFO: Using schema file=schema.arff
May 02, 2014 11:28:00 PM netkit.util.NetKitEnv logTime
INFO: Time-from-start: 0 [starting netkit]
May 02, 2014 11:28:00 PM netkit.classifiers.NetworkLearning getGraph
INFO: Read graph from 'schema.arff'
May 02, 2014 11:28:00 PM netkit.classifiers.NetworkLearning getGraph
INFO:    53 nodes

May 02, 2014 11:28:00 PM netkit.classifiers.NetworkLearning getGraph
INFO:    243 edges

May 02, 2014 11:28:00 PM netkit.classifiers.NetworkLearning getAttribute
INFO: attribute not set... use last attribute in 'RDFNode'
May 02, 2014 11:28:00 PM netkit.classifiers.NetworkLearning setupExperiment
INFO: Classify(NodeType:Attribute): RDFNode:Attrhttpwwwaktorsorgontologyportalarticleofjournal
May 02, 2014 11:28:00 PM netkit.classifiers.NetworkLearning setOutputFormat
INFO: Using output format='%ID %PREDICTION %ESTIMATE!null'
May 02, 2014 11:28:00 PM netkit.util.NetKitEnv logTime
INFO: Time-from-start: 0 [after setupExperiment]
May 02, 2014 11:28:00 PM netkit.util.NetKitEnv logTime
INFO: Time-from-start: 0 [after initial assortativity computations]
May 02, 2014 11:28:00 PM netkit.inference.InferenceMethod configure
CONFIG:    netkit.inference.RelaxationLabeling configure: numit=99
May 02, 2014 11:28:00 PM netkit.inference.RelaxationLabeling configure
CONFIG:    netkit.inference.RelaxationLabeling configure: beta=1.0
May 02, 2014 11:28:00 PM netkit.inference.RelaxationLabeling configure
CONFIG:    netkit.inference.RelaxationLabeling configure: decay=0.99
May 02, 2014 11:28:00 PM netkit.classifiers.NetworkLearning runInference
INFO: Running validation run 1 of 5
May 02, 2014 11:28:00 PM netkit.classifiers.NetworkLearner setup
INFO: Induced local classifier:
ClassPrior (Non-Relational Classifier)
-------------------------------------
null: 1.0

May 02, 2014 11:28:00 PM netkit.classifiers.NetworkLearner setup
INFO: Induced relational classifier:
wvRN (Relational Classifier)
----------------------------------------
[[ Model: Weighted-vote of neighbors ]]

May 02, 2014 11:28:00 PM netkit.classifiers.NetworkLearner getEstimate
INFO: Run inferenceMethod [netkit.inference.RelaxationLabeling] on 10 nodes
May 02, 2014 11:28:00 PM netkit.classifiers.NetworkLearning runInference
INFO: Outputting predictions for run 1 of 5
May 02, 2014 11:28:00 PM netkit.classifiers.NetworkLearning runInference
INFO: Done!
May 02, 2014 11:28:00 PM netkit.classifiers.NetworkLearning runInference
INFO: ConfusionMatrix-1:
             00
null 00:     10 : (10 correct of 10) (accuracy: 1)
  TOTAL:     10 : (10 correct of 10) (accuracy: 1)

May 02, 2014 11:28:00 PM netkit.classifiers.NetworkLearning runInference
INFO: Accuracy-1: 1.0
May 02, 2014 11:28:00 PM netkit.classifiers.NetworkLearning runInference
INFO: Running validation run 2 of 5
May 02, 2014 11:28:00 PM netkit.classifiers.NetworkLearner setup
INFO: Induced local classifier:
ClassPrior (Non-Relational Classifier)
-------------------------------------
null: 1.0

May 02, 2014 11:28:00 PM netkit.classifiers.NetworkLearner setup
INFO: Induced relational classifier:
wvRN (Relational Classifier)
----------------------------------------
[[ Model: Weighted-vote of neighbors ]]

May 02, 2014 11:28:00 PM netkit.classifiers.NetworkLearner getEstimate
INFO: Run inferenceMethod [netkit.inference.RelaxationLabeling] on 11 nodes
May 02, 2014 11:28:00 PM netkit.classifiers.NetworkLearning runInference
INFO: Outputting predictions for run 2 of 5
May 02, 2014 11:28:00 PM netkit.classifiers.NetworkLearning runInference
INFO: Done!
May 02, 2014 11:28:00 PM netkit.classifiers.NetworkLearning runInference
INFO: ConfusionMatrix-2:
             00
null 00:     11 : (11 correct of 11) (accuracy: 1)
  TOTAL:     11 : (11 correct of 11) (accuracy: 1)

May 02, 2014 11:28:00 PM netkit.classifiers.NetworkLearning runInference
INFO: Accuracy-2: 1.0
May 02, 2014 11:28:00 PM netkit.classifiers.NetworkLearning runInference
INFO: Running validation run 3 of 5
May 02, 2014 11:28:00 PM netkit.classifiers.NetworkLearner setup
INFO: Induced local classifier:
ClassPrior (Non-Relational Classifier)
-------------------------------------
null: 1.0

May 02, 2014 11:28:00 PM netkit.classifiers.NetworkLearner setup
INFO: Induced relational classifier:
wvRN (Relational Classifier)
----------------------------------------
[[ Model: Weighted-vote of neighbors ]]

May 02, 2014 11:28:00 PM netkit.classifiers.NetworkLearner getEstimate
INFO: Run inferenceMethod [netkit.inference.RelaxationLabeling] on 10 nodes
May 02, 2014 11:28:00 PM netkit.classifiers.NetworkLearning runInference
INFO: Outputting predictions for run 3 of 5
May 02, 2014 11:28:00 PM netkit.classifiers.NetworkLearning runInference
INFO: Done!
May 02, 2014 11:28:00 PM netkit.classifiers.NetworkLearning runInference
INFO: ConfusionMatrix-3:
             00
null 00:     10 : (10 correct of 10) (accuracy: 1)
  TOTAL:     10 : (10 correct of 10) (accuracy: 1)

May 02, 2014 11:28:00 PM netkit.classifiers.NetworkLearning runInference
INFO: Accuracy-3: 1.0
May 02, 2014 11:28:00 PM netkit.classifiers.NetworkLearning runInference
INFO: Running validation run 4 of 5
May 02, 2014 11:28:00 PM netkit.classifiers.NetworkLearner setup
INFO: Induced local classifier:
ClassPrior (Non-Relational Classifier)
-------------------------------------
null: 1.0

May 02, 2014 11:28:00 PM netkit.classifiers.NetworkLearner setup
INFO: Induced relational classifier:
wvRN (Relational Classifier)
----------------------------------------
[[ Model: Weighted-vote of neighbors ]]

May 02, 2014 11:28:00 PM netkit.classifiers.NetworkLearner getEstimate
INFO: Run inferenceMethod [netkit.inference.RelaxationLabeling] on 11 nodes
May 02, 2014 11:28:00 PM netkit.classifiers.NetworkLearning runInference
INFO: Outputting predictions for run 4 of 5
May 02, 2014 11:28:00 PM netkit.classifiers.NetworkLearning runInference
INFO: Done!
May 02, 2014 11:28:00 PM netkit.classifiers.NetworkLearning runInference
INFO: ConfusionMatrix-4:
             00
null 00:     11 : (11 correct of 11) (accuracy: 1)
  TOTAL:     11 : (11 correct of 11) (accuracy: 1)

May 02, 2014 11:28:00 PM netkit.classifiers.NetworkLearning runInference
INFO: Accuracy-4: 1.0
May 02, 2014 11:28:00 PM netkit.classifiers.NetworkLearning runInference
INFO: Running validation run 5 of 5
May 02, 2014 11:28:00 PM netkit.classifiers.NetworkLearner setup
INFO: Induced local classifier:
ClassPrior (Non-Relational Classifier)
-------------------------------------
null: 1.0

May 02, 2014 11:28:00 PM netkit.classifiers.NetworkLearner setup
INFO: Induced relational classifier:
wvRN (Relational Classifier)
----------------------------------------
[[ Model: Weighted-vote of neighbors ]]

May 02, 2014 11:28:00 PM netkit.classifiers.NetworkLearner getEstimate
INFO: Run inferenceMethod [netkit.inference.RelaxationLabeling] on 11 nodes
May 02, 2014 11:28:00 PM netkit.classifiers.NetworkLearning runInference
INFO: Outputting predictions for run 5 of 5
May 02, 2014 11:28:00 PM netkit.classifiers.NetworkLearning runInference
INFO: Done!
May 02, 2014 11:28:00 PM netkit.classifiers.NetworkLearning runInference
INFO: ConfusionMatrix-5:
             00
null 00:     11 : (11 correct of 11) (accuracy: 1)
  TOTAL:     11 : (11 correct of 11) (accuracy: 1)

May 02, 2014 11:28:00 PM netkit.classifiers.NetworkLearning runInference
INFO: Accuracy-5: 1.0
May 02, 2014 11:28:00 PM netkit.classifiers.NetworkLearning runInference
INFO: ConfusionMatrix-Final:
             00
null 00:     53 : (53 correct of 53) (accuracy: 1)
  TOTAL:     53 : (53 correct of 53) (accuracy: 1)

May 02, 2014 11:28:00 PM netkit.classifiers.NetworkLearning runInference
INFO: Accuracy-Final: 1.0 (0.0) base=1.0 sigTest=0.0
May 02, 2014 11:28:00 PM netkit.util.NetKitEnv logTime
INFO: Time-from-start: 0 [after complete run]
